[0m[[0m[0mdebug[0m] [0m[0mRunning TaskDef(TopTest, org.scalatest.tools.Framework$$anon$1@621ebf65, false, [SuiteSelector])[0m
[0m[[0m[0minfo[0m] [0m[0m[32mTopTest:[0m[0m
[0m[[0m[0minfo[0m] [0m[0m[32mTop[0m[0m
[0m[[0m[0minfo[0m] [0m[0m[31m- should æ­£ç¡®å¾ªçŽ¯æ˜¾ç¤º 7 æ®µæ˜¾ç¤ºå€¼ *** FAILED ***[0m[0m
[0m[[0m[0minfo[0m] [0m[0m[31m  io_seg=17 (0x11) did not equal expected=3 (0x3) (lines in TopTest.scala: 32, 9) (TopTest.scala:35)[0m[0m
[0m[[0m[0minfo[0m] [0m[0m[36mRun completed in 3 seconds, 296 milliseconds.[0m[0m
[0m[[0m[0minfo[0m] [0m[0m[36mTotal number of tests run: 1[0m[0m
[0m[[0m[0minfo[0m] [0m[0m[36mSuites: completed 1, aborted 0[0m[0m
[0m[[0m[0minfo[0m] [0m[0m[36mTests: succeeded 0, failed 1, canceled 0, ignored 0, pending 0[0m[0m
[0m[[0m[0minfo[0m] [0m[0m[31m*** 1 TEST FAILED ***[0m[0m
[0m[[0m[31merror[0m] [0m[0mFailed tests:[0m
[0m[[0m[31merror[0m] [0m[0m	TopTest[0m
[0m[[0m[31merror[0m] [0m[0m(Test / [31mtest[0m) sbt.TestsFailedException: Tests unsuccessful[0m
