[0m[[0m[0mdebug[0m] [0m[0mRunning TaskDef(TopTest, org.scalatest.tools.Framework$$anon$1@6ddd4b07, false, [SuiteSelector])[0m
[0m[[0m[0minfo[0m] [0m[0m[32mTopTest:[0m[0m
[0m[[0m[0minfo[0m] [0m[0m[32mTop[0m[0m
[0m[[0m[0minfo[0m] [0m[0m[31m- should ‰∏ªÂâØÂπ≤ÈÅì‰ø°Âè∑ÁÅØÂ∫îËØ•Ê≠£Â∏∏ËøêË°å *** FAILED ***[0m[0m
[0m[[0m[0minfo[0m] [0m[0m[31m  io_mainLight=1 (0x1) did not equal expected=2 (0x2) (lines in TopTest.scala: 19, 8) (TopTest.scala:19)[0m[0m
[0m[[0m[0minfo[0m] [0m[0m[36mRun completed in 2 seconds, 814 milliseconds.[0m[0m
[0m[[0m[0minfo[0m] [0m[0m[36mTotal number of tests run: 1[0m[0m
[0m[[0m[0minfo[0m] [0m[0m[36mSuites: completed 1, aborted 0[0m[0m
[0m[[0m[0minfo[0m] [0m[0m[36mTests: succeeded 0, failed 1, canceled 0, ignored 0, pending 0[0m[0m
[0m[[0m[0minfo[0m] [0m[0m[31m*** 1 TEST FAILED ***[0m[0m
[0m[[0m[31merror[0m] [0m[0mFailed tests:[0m
[0m[[0m[31merror[0m] [0m[0m	TopTest[0m
[0m[[0m[31merror[0m] [0m[0m(Test / [31mtest[0m) sbt.TestsFailedException: Tests unsuccessful[0m
