<?xml version='1.0' encoding='UTF-8'?>
<testsuite hostname="yjx-Lenovo-Legion-R7000-2020" name="TopTest" tests="1" errors="0" failures="1" skipped="0" time="3.002" timestamp="2025-01-01T16:32:06">
          <properties>
      <property name="awt.toolkit" value="sun.awt.X11.XToolkit"/><property name="java.specification.version" value="11"/><property name="sun.cpu.isalist" value=""/><property name="sun.jnu.encoding" value="UTF-8"/><property name="sun.arch.data.model" value="64"/><property name="ftp.proxyPort" value="8889"/><property name="java.vendor.url" value="https://ubuntu.com/"/><property name="sbt.override.build.repos" value="true"/><property name="sun.boot.library.path" value="/usr/lib/jvm/java-11-openjdk-amd64/lib"/><property name="sun.java.command" value="/home/yjx/.cache/sbt/boot/sbt-launch/1.10.6/sbt-launch-1.10.6.jar test"/><property name="jdk.debug" value="release"/><property name="ftp.proxyHost" value="127.0.0.1"/><property name="java.specification.vendor" value="Oracle Corporation"/><property name="java.version.date" value="2024-10-15"/><property name="java.home" value="/usr/lib/jvm/java-11-openjdk-amd64"/><property name="file.separator" value="/"/><property name="java.vm.compressedOopsMode" value="32-bit"/><property name="line.separator" value="
"/><property name="java.specification.name" value="Java Platform API Specification"/><property name="java.vm.specification.vendor" value="Oracle Corporation"/><property name="sun.management.compiler" value="HotSpot 64-Bit Tiered Compilers"/><property name="java.runtime.version" value="11.0.25+9-post-Ubuntu-1ubuntu122.04"/><property name="user.name" value="yjx"/><property name="log4j.ignoreTCL" value="true"/><property name="file.encoding" value="UTF-8"/><property name="jnidispatch.path" value="/home/yjx/.cache/JNA/temp/jna14176091058683965159.tmp"/><property name="jna.loaded" value="true"/><property name="java.io.tmpdir" value="/tmp"/><property name="java.version" value="11.0.25"/><property name="java.vm.specification.name" value="Java Virtual Machine Specification"/><property name="java.awt.printerjob" value="sun.print.PSPrinterJob"/><property name="sun.os.patch.level" value="unknown"/><property name="java.library.path" value="/usr/java/packages/lib:/usr/lib/x86_64-linux-gnu/jni:/lib/x86_64-linux-gnu:/usr/lib/x86_64-linux-gnu:/usr/lib/jni:/lib:/usr/lib"/><property name="java.vendor" value="Ubuntu"/><property name="java.specification.maintenance.version" value="3"/><property name="scala.ext.dirs" value="/home/yjx/.sbt/1.0/java9-rt-ext-ubuntu_11_0_25"/><property name="sun.io.unicode.encoding" value="UnicodeLittle"/><property name="sun.desktop" value="gnome"/><property name="http.proxyHost" value="127.0.0.1"/><property name="java.class.path" value="/home/yjx/.cache/sbt/boot/sbt-launch/1.10.6/sbt-launch-1.10.6.jar"/><property name="https.proxyPort" value="8889"/><property name="java.vm.vendor" value="Ubuntu"/><property name="jline.shutdownhook" value="false"/><property name="user.timezone" value="Asia/Shanghai"/><property name="os.name" value="Linux"/><property name="java.vm.specification.version" value="11"/><property name="sun.java.launcher" value="SUN_STANDARD"/><property name="user.country" value="US"/><property name="sun.cpu.endian" value="little"/><property name="user.home" value="/home/yjx"/><property name="user.language" value="en"/><property name="sbt.script" value="/usr/bin/sbt"/><property name="sbt.ipcsocket.tmpdir" value="/run/user/1000/.sbt58cd366b/ipcsocket"/><property name="swoval.tmpdir" value="/run/user/1000/.sbt58cd366b/swoval"/><property name="https.proxyHost" value="127.0.0.1"/><property name="java.awt.graphicsenv" value="sun.awt.X11GraphicsEnvironment"/><property name="jline.esc.timeout" value="0"/><property name="path.separator" value=":"/><property name="os.version" value="6.8.0-49-generic"/><property name="jna.nosys" value="true"/><property name="java.runtime.name" value="OpenJDK Runtime Environment"/><property name="java.vm.name" value="OpenJDK 64-Bit Server VM"/><property name="jna.platform.library.path" value="/usr/lib/x86_64-linux-gnu:/lib/x86_64-linux-gnu:/usr/lib64:/lib64:/usr/lib:/lib:/lib/i386-linux-gnu:/lib32:/lib/i386-linux-gnu/sse2:/usr/lib/x86_64-linux-gnu/libfakeroot"/><property name="java.vendor.url.bug" value="https://bugs.launchpad.net/ubuntu/+source/openjdk-lts"/><property name="user.dir" value="/home/yjx/Mystudy/yjx_learn/Learn_Chisel/Myexercise/ex8.5_1"/><property name="os.arch" value="amd64"/><property name="java.vm.info" value="mixed mode, sharing"/><property name="java.vm.version" value="11.0.25+9-post-Ubuntu-1ubuntu122.04"/><property name="java.class.version" value="55.0"/><property name="http.proxyPort" value="8889"/>
    </properties>
          <testcase classname="TopTest" name="Top should 正确循环显示 7 段显示值" time="3.002">
                      <failure message="io_seg=17 (0x11) did not equal expected=3 (0x3) (lines in TopTest.scala: 32, 9)" type="org.scalatest.exceptions.TestFailedException">org.scalatest.exceptions.TestFailedException: io_seg=17 (0x11) did not equal expected=3 (0x3) (lines in TopTest.scala: 32, 9)
	at chiseltest.internal.TestEnvInterface.signalExpectFailure(TestEnvInterface.scala:58)
	at chiseltest.internal.TestEnvInterface.signalExpectFailure$(TestEnvInterface.scala:45)
	at TopTest.signalExpectFailure(TopTest.scala:5)
	at chiseltest.package$Utils$.expectFailed(package.scala:505)
	at chiseltest.package$Utils$.expectBits(package.scala:496)
	at chiseltest.package$testableUInt.expectInternal(package.scala:55)
	at chiseltest.package$testableUInt.expect(package.scala:57)
	at TopTest.$anonfun$new$6(TopTest.scala:35)
	at scala.collection.immutable.Range.foreach$mVc$sp(Range.scala:158)
	at TopTest.$anonfun$new$3(TopTest.scala:32)
	at TopTest.$anonfun$new$3$adapted(TopTest.scala:9)
	at chiseltest.internal.GenericBackend.$anonfun$run$1(GenericBackend.scala:151)
	at chiseltest.internal.ThreadedBackend$TesterThread$$anon$1.$anonfun$run$1(ThreadedBackend.scala:495)
	at chiseltest.internal.GenericBackend.doTimescope(GenericBackend.scala:96)
	at chiseltest.internal.ThreadedBackend$TesterThread$$anon$1.run(ThreadedBackend.scala:495)
	at java.base/java.lang.Thread.run(Thread.java:829)
Caused by: chiseltest.internal.FailedExpectException: io_seg=17 (0x11) did not equal expected=3 (0x3) (lines in TopTest.scala: 32, 9)
	... 16 more
</failure>
                    </testcase>
          <system-out><![CDATA[]]></system-out>
          <system-err><![CDATA[]]></system-err>
        </testsuite>