<?xml version='1.0' encoding='UTF-8'?>
<testsuite hostname="yjx-Lenovo-Legion-R7000-2020" name="TopTest" tests="1" errors="0" failures="1" skipped="0" time="3.002" timestamp="2025-01-01T16:32:06">
          <properties>
[...]
</properties>
          <testcase classname="TopTest" name="Top should 正确循环显示 7 段显示值" time="3.002">
                      <failure message="io_seg=17 (0x11) did not equal expected=3 (0x3) (lines in TopTest.scala: 32, 9)" type="org.scalatest.exceptions.TestFailedException">org.scalatest.exceptions.TestFailedException: io_seg=17 (0x11) did not equal expected=3 (0x3) (lines in TopTest.scala: 32, 9)
	at chiseltest.internal.TestEnvInterface.signalExpectFailure(TestEnvInterface.scala:58)
	at chiseltest.internal.TestEnvInterface.signalExpectFailure$(TestEnvInterface.scala:45)
	at TopTest.signalExpectFailure(TopTest.scala:5)
	at chiseltest.package$Utils$.expectFailed(package.scala:505)
	at chiseltest.package$Utils$.expectBits(package.scala:496)
	at chiseltest.package$testableUInt.expectInternal(package.scala:55)
	at chiseltest.package$testableUInt.expect(package.scala:57)
	at TopTest.$anonfun$new$6(TopTest.scala:35)
	at scala.collection.immutable.Range.foreach$mVc$sp(Range.scala:158)
	at TopTest.$anonfun$new$3(TopTest.scala:32)
	at TopTest.$anonfun$new$3$adapted(TopTest.scala:9)
	at chiseltest.internal.GenericBackend.$anonfun$run$1(GenericBackend.scala:151)
	at chiseltest.internal.ThreadedBackend$TesterThread$$anon$1.$anonfun$run$1(ThreadedBackend.scala:495)
	at chiseltest.internal.GenericBackend.doTimescope(GenericBackend.scala:96)
	at chiseltest.internal.ThreadedBackend$TesterThread$$anon$1.run(ThreadedBackend.scala:495)
	at java.base/java.lang.Thread.run(Thread.java:829)
Caused by: chiseltest.internal.FailedExpectException: io_seg=17 (0x11) did not equal expected=3 (0x3) (lines in TopTest.scala: 32, 9)
	... 16 more
</failure>
                    </testcase>
          <system-out><![CDATA[]]></system-out>
          <system-err><![CDATA[]]></system-err>
        </testsuite>